<?xml version="1.0" encoding="UTF-8"?>
<testsuite xmlns:xsi="http://www.w3.org/2001/XMLSchema-instance" xsi:noNamespaceSchemaLocation="https://maven.apache.org/surefire/maven-surefire-plugin/xsd/surefire-test-report.xsd" version="3.0.2" name="TestSuite" time="193.253" tests="5" errors="0" skipped="0" failures="1">
  <properties>
[...]
</properties>
  <testcase name="sendQuotesForAutomobile[{FirstName=Randy, PriceOption=Platinum, Make=Audi, OnlineClaim=Submit, Seats=4, Occupation=Employee, WorldWideCover=Limited, ClaimDiscount=5, TestCase=TC002_Verify_Automobile_Send_Quotes_For_Platinum_Plan, Price=1,560.00, Fuel=Petrol, Hobby=speeding, LastName=Ortan}](1)" classname="testCases.TC003_Verify_Automobile_Send_Quotes_For_Silver_Plan" time="47.323">
    <system-out><![CDATA[chrome
Executed
]]></system-out>
    <system-err><![CDATA[SLF4J(W): No SLF4J providers were found.
SLF4J(W): Defaulting to no-operation (NOP) logger implementation
SLF4J(W): See https://www.slf4j.org/codes.html#noProviders for further details.
Oct 28, 2024 6:21:19 AM org.openqa.selenium.devtools.CdpVersionFinder findNearestMatch
WARNING: Unable to find an exact match for CDP version 130, returning the closest version; found: 129; Please update to a Selenium version that supports CDP version 130
]]></system-err>
  </testcase>
  <testcase name="sendQuotesForAutomobile[{FirstName=Randy, PriceOption=Platinum, Make=Audi, OnlineClaim=Submit, Seats=4, Occupation=Employee, WorldWideCover=Limited, ClaimDiscount=5, TestCase=TC002_Verify_Automobile_Send_Quotes_For_Platinum_Plan, Price=1,560.00, Fuel=Petrol, Hobby=speeding, LastName=Ortan}](1)" classname="testCases.TC002_Verify_Automobile_Send_Quotes_For_Platinum_Plan" time="43.539">
    <system-out><![CDATA[chrome
Executed
]]></system-out>
    <system-err><![CDATA[Oct 28, 2024 6:22:04 AM org.openqa.selenium.devtools.CdpVersionFinder findNearestMatch
WARNING: Unable to find an exact match for CDP version 130, returning the closest version; found: 129; Please update to a Selenium version that supports CDP version 130
]]></system-err>
  </testcase>
  <testcase name="sendQuotesForAutomobile[{FirstName=John, PriceOption=Platinum, Make=BMW, OnlineClaim=Submit, Seats=6, Occupation=Employee, WorldWideCover=Limited, ClaimDiscount=5, TestCase=TC002_Verify_Automobile_Send_Quotes_For_Platinum_Plan, Price=1,560.00, Fuel=Electric Power, Hobby=speeding, LastName=Cena}](2)" classname="testCases.TC002_Verify_Automobile_Send_Quotes_For_Platinum_Plan" time="14.948">
    <failure message="expected [1,560.00] but found [1,574.00]" type="java.lang.AssertionError"><![CDATA[java.lang.AssertionError: expected [1,560.00] but found [1,574.00]
	at org.testng.Assert.fail(Assert.java:111)
	at org.testng.Assert.failNotEquals(Assert.java:1578)
	at org.testng.Assert.assertEqualsImpl(Assert.java:150)
	at org.testng.Assert.assertEquals(Assert.java:132)
	at org.testng.Assert.assertEquals(Assert.java:656)
	at org.testng.Assert.assertEquals(Assert.java:666)
	at basePages.SelectPriceOptionPage.verifyPrice(SelectPriceOptionPage.java:42)
	at testCases.TC002_Verify_Automobile_Send_Quotes_For_Platinum_Plan.sendQuotesForAutomobile(TC002_Verify_Automobile_Send_Quotes_For_Platinum_Plan.java:42)
	at java.base/jdk.internal.reflect.DirectMethodHandleAccessor.invoke(DirectMethodHandleAccessor.java:103)
	at java.base/java.lang.reflect.Method.invoke(Method.java:580)
	at org.testng.internal.invokers.MethodInvocationHelper.invokeMethod(MethodInvocationHelper.java:141)
	at org.testng.internal.invokers.TestInvoker.invokeMethod(TestInvoker.java:686)
	at org.testng.internal.invokers.TestInvoker.invokeTestMethod(TestInvoker.java:230)
	at org.testng.internal.invokers.MethodRunner.runInSequence(MethodRunner.java:63)
	at org.testng.internal.invokers.TestInvoker$MethodInvocationAgent.invoke(TestInvoker.java:992)
	at org.testng.internal.invokers.TestInvoker.invokeTestMethods(TestInvoker.java:203)
	at org.testng.internal.invokers.TestMethodWorker.invokeTestMethods(TestMethodWorker.java:154)
	at org.testng.internal.invokers.TestMethodWorker.run(TestMethodWorker.java:134)
	at java.base/java.util.ArrayList.forEach(ArrayList.java:1596)
	at org.testng.TestRunner.privateRun(TestRunner.java:739)
	at org.testng.TestRunner.run(TestRunner.java:614)
	at org.testng.SuiteRunner.runTest(SuiteRunner.java:421)
	at org.testng.SuiteRunner.runSequentially(SuiteRunner.java:413)
	at org.testng.SuiteRunner.privateRun(SuiteRunner.java:373)
	at org.testng.SuiteRunner.run(SuiteRunner.java:312)
	at org.testng.SuiteRunnerWorker.runSuite(SuiteRunnerWorker.java:52)
	at org.testng.SuiteRunnerWorker.run(SuiteRunnerWorker.java:95)
	at org.testng.TestNG.runSuitesSequentially(TestNG.java:1274)
	at org.testng.TestNG.runSuitesLocally(TestNG.java:1208)
	at org.testng.TestNG.runSuites(TestNG.java:1112)
	at org.testng.TestNG.run(TestNG.java:1079)
	at org.apache.maven.surefire.testng.TestNGExecutor.run(TestNGExecutor.java:308)
	at org.apache.maven.surefire.testng.TestNGXmlTestSuite.execute(TestNGXmlTestSuite.java:71)
	at org.apache.maven.surefire.testng.TestNGProvider.invoke(TestNGProvider.java:113)
	at org.apache.maven.surefire.booter.ForkedBooter.runSuitesInProcess(ForkedBooter.java:385)
	at org.apache.maven.surefire.booter.ForkedBooter.execute(ForkedBooter.java:162)
	at org.apache.maven.surefire.booter.ForkedBooter.run(ForkedBooter.java:507)
	at org.apache.maven.surefire.booter.ForkedBooter.main(ForkedBooter.java:495)
]]></failure>
    <system-out><![CDATA[chrome
Executed
C:\Users\ren computers\eclipse-workspace\AutomobileTestAutomationFramework\src\main\resources\screenshots\sendQuotesForAutomobile_28-10-2024_6230.png
]]></system-out>
    <system-err><![CDATA[Oct 28, 2024 6:22:48 AM org.openqa.selenium.devtools.CdpVersionFinder findNearestMatch
WARNING: Unable to find an exact match for CDP version 130, returning the closest version; found: 129; Please update to a Selenium version that supports CDP version 130
]]></system-err>
  </testcase>
  <testcase name="sendQuotesForAutomobile[TC001_Verify_Automobile_Send_Quotes, Audi, 4, Petrol, John, Cena, speeding, Employee, Gold, 795.00, Submit, 2, Limited](1)" classname="testCases.TC001_Verify_Automobile_Send_Quotes" time="40.735">
    <system-out><![CDATA[chrome
Executed
]]></system-out>
    <system-err><![CDATA[Oct 28, 2024 6:23:03 AM org.openqa.selenium.devtools.CdpVersionFinder findNearestMatch
WARNING: Unable to find an exact match for CDP version 130, returning the closest version; found: 129; Please update to a Selenium version that supports CDP version 130
]]></system-err>
  </testcase>
  <testcase name="sendQuotesForAutomobile[TC001_Verify_Automobile_Send_Quotes, Audi, 4, Petrol, John, Cena, speeding, Employee, Gold, 795.00, Submit, 2, Limited](1)" classname="testCases.TC004_Verify_Automobile_View_Quotes" time="39.998">
    <system-out><![CDATA[chrome
Executed
your vehicle insurance quote
#4893
tricentis.com
support.tricentis.com
sampleapp.tricentis.com
INSURANT DATA First Name: John Last Name: Cena Birthdate: 11/16/1961
Gender: Male Country: India ZIP: 12345 City: Chennai
Street Address: Chennai Occupation: Employee
VEHICLE DATA Vehicle Type: 
Make: Audi
Model: 
Engine Performance [kW]: 
Cylinder Capacity [ccm]: 
Date of Manufacture: 11/16/2020
Number of Seats: 4
Fuel Type: Petrol
Payload [kg]: 
Total Weight [kg]: 
List Price [$]: 100000
Annual Mileage [mi]: 5000
PRODUCT DATA Start Date: 12/03/2024 Insurance Sum [$]: 3000000 Courtesy Car: Yes
Merit Rating: Bonus 6 Legal Defense Insurance: Euro Protection: Yes
Damage Insurance: Partial Coverage Price Option: Gold
.
PRICING 795.00$ p.a.
Subject to 10% v.a.t. added to the given amount.
40% Upon Agreement - 60% Upon Delivery
SIGNATURE Date:  Signee:  
Powered by TCPDF (www.tcpdf.org)
1 / 1

]]></system-out>
    <system-err><![CDATA[Oct 28, 2024 6:23:44 AM org.openqa.selenium.devtools.CdpVersionFinder findNearestMatch
WARNING: Unable to find an exact match for CDP version 130, returning the closest version; found: 129; Please update to a Selenium version that supports CDP version 130
]]></system-err>
  </testcase>
</testsuite>