<?xml version="1.0" encoding="UTF-8"?>
<testng-results ignored="0" total="1" passed="1" failed="0" skipped="0">
  <reporter-output>
  </reporter-output>
  <suite started-at="2024-10-29T09:43:02 IST" name="Default suite" finished-at="2024-10-29T09:44:03 IST" duration-ms="60939">
    <groups>
    </groups>
    <test started-at="2024-10-29T09:43:02 IST" name="Default test" finished-at="2024-10-29T09:44:03 IST" duration-ms="60939">
      <class name="testCases.TC004_Verify_Automobile_Download_Quotes">
        <test-method signature="sendQuotesForAutomobile(java.lang.String,java.lang.String,java.lang.String,java.lang.String,java.lang.String,java.lang.String,java.lang.String,java.lang.String,java.lang.String,java.lang.String,java.lang.String,java.lang.String,java.lang.String)[pri:0, instance:testCases.TC004_Verify_Automobile_Download_Quotes@312aa7c]" started-at="2024-10-29T09:43:05 IST" name="sendQuotesForAutomobile" data-provider="getTestData" finished-at="2024-10-29T09:44:03 IST" duration-ms="57919" status="PASS">
          <params>
            <param index="0">
              <value>
                <![CDATA[TC001_Verify_Automobile_Send_Quotes]]>
              </value>
            </param>
            <param index="1">
              <value>
                <![CDATA[Audi]]>
              </value>
            </param>
            <param index="2">
              <value>
                <![CDATA[4]]>
              </value>
            </param>
            <param index="3">
              <value>
                <![CDATA[Petrol]]>
              </value>
            </param>
            <param index="4">
              <value>
                <![CDATA[John]]>
              </value>
            </param>
            <param index="5">
              <value>
                <![CDATA[Cena]]>
              </value>
            </param>
            <param index="6">
              <value>
                <![CDATA[speeding]]>
              </value>
            </param>
            <param index="7">
              <value>
                <![CDATA[Employee]]>
              </value>
            </param>
            <param index="8">
              <value>
                <![CDATA[Gold]]>
              </value>
            </param>
            <param index="9">
              <value>
                <![CDATA[795.00]]>
              </value>
            </param>
            <param index="10">
              <value>
                <![CDATA[Submit]]>
              </value>
            </param>
            <param index="11">
              <value>
                <![CDATA[2]]>
              </value>
            </param>
            <param index="12">
              <value>
                <![CDATA[Limited]]>
              </value>
            </param>
          </params>
          <reporter-output>
          </reporter-output>
        </test-method> <!-- sendQuotesForAutomobile -->
      </class> <!-- testCases.TC004_Verify_Automobile_Download_Quotes -->
    </test> <!-- Default test -->
  </suite> <!-- Default suite -->
</testng-results>
